<?xml version="1.0" encoding="UTF-8"?>
<coverage generated="1768441374737" clover="3.2.0">
  <project timestamp="1768441374737" name="All files">
    <metrics statements="12" coveredstatements="7" conditionals="4" coveredconditionals="4" methods="3" coveredmethods="2" elements="19" coveredelements="13" complexity="0" loc="12" ncloc="12" packages="2" files="3" classes="3"/>
    <package name="components">
      <metrics statements="6" coveredstatements="1" conditionals="0" coveredconditionals="0" methods="2" coveredmethods="1"/>
      <file name="SearchBar.css" path="/Users/jalenlocke/Comic-Book-Price-Evaluator/client/src/components/SearchBar.css">
        <metrics statements="0" coveredstatements="0" conditionals="0" coveredconditionals="0" methods="0" coveredmethods="0"/>
      </file>
      <file name="SearchBar.tsx" path="/Users/jalenlocke/Comic-Book-Price-Evaluator/client/src/components/SearchBar.tsx">
        <metrics statements="6" coveredstatements="1" conditionals="0" coveredconditionals="0" methods="2" coveredmethods="1"/>
        <line num="6" count="0" type="stmt"/>
        <line num="8" count="0" type="stmt"/>
        <line num="9" count="0" type="stmt"/>
        <line num="10" count="0" type="stmt"/>
        <line num="13" count="0" type="stmt"/>
        <line num="16" count="2" type="stmt"/>
      </file>
    </package>
    <package name="services">
      <metrics statements="6" coveredstatements="6" conditionals="4" coveredconditionals="4" methods="1" coveredmethods="1"/>
      <file name="api.ts" path="/Users/jalenlocke/Comic-Book-Price-Evaluator/client/src/services/api.ts">
        <metrics statements="6" coveredstatements="6" conditionals="4" coveredconditionals="4" methods="1" coveredmethods="1"/>
        <line num="1" count="2" type="stmt"/>
        <line num="5" count="3" type="stmt"/>
        <line num="6" count="3" type="cond" truecount="2" falsecount="0"/>
        <line num="8" count="2" type="stmt"/>
        <line num="9" count="2" type="cond" truecount="2" falsecount="0"/>
        <line num="11" count="1" type="stmt"/>
      </file>
    </package>
  </project>
</coverage>
