{"/Users/jalenlocke/Comic-Book-Price-Evaluator/client/src/components/SearchBar.css": {"path":"/Users/jalenlocke/Comic-Book-Price-Evaluator/client/src/components/SearchBar.css","statementMap":{},"fnMap":{},"branchMap":{},"s":{},"f":{},"b":{},"meta":{"lastBranch":0,"lastFunction":0,"lastStatement":0,"seen":{}}}
,"/Users/jalenlocke/Comic-Book-Price-Evaluator/client/src/components/SearchBar.tsx": {"path":"/Users/jalenlocke/Comic-Book-Price-Evaluator/client/src/components/SearchBar.tsx","statementMap":{"0":{"start":{"line":6,"column":22},"end":{"line":6,"column":null}},"1":{"start":{"line":8,"column":8},"end":{"line":14,"column":null}},"2":{"start":{"line":9,"column":25},"end":{"line":9,"column":null}},"3":{"start":{"line":10,"column":10},"end":{"line":10,"column":null}},"4":{"start":{"line":13,"column":10},"end":{"line":13,"column":null}},"5":{"start":{"line":16,"column":4},"end":{"line":28,"column":null}}},"fnMap":{"0":{"name":"SearchBar","decl":{"start":{"line":4,"column":16},"end":{"line":4,"column":28}},"loc":{"start":{"line":4,"column":28},"end":{"line":30,"column":null}},"line":4},"1":{"name":"search","decl":{"start":{"line":5,"column":19},"end":{"line":5,"column":26}},"loc":{"start":{"line":5,"column":46},"end":{"line":15,"column":null}},"line":5}},"branchMap":{},"s":{"0":0,"1":0,"2":0,"3":0,"4":0,"5":2},"f":{"0":2,"1":0},"b":{},"meta":{"lastBranch":0,"lastFunction":2,"lastStatement":6,"seen":{"f:4:16:4:28":0,"f:5:19:5:26":1,"s:6:22:6:Infinity":0,"s:8:8:14:Infinity":1,"s:9:25:9:Infinity":2,"s:10:10:10:Infinity":3,"s:13:10:13:Infinity":4,"s:16:4:28:Infinity":5}}}
,"/Users/jalenlocke/Comic-Book-Price-Evaluator/client/src/services/api.ts": {"path":"/Users/jalenlocke/Comic-Book-Price-Evaluator/client/src/services/api.ts","statementMap":{"0":{"start":{"line":1,"column":16},"end":{"line":1,"column":null}},"1":{"start":{"line":5,"column":21},"end":{"line":5,"column":null}},"2":{"start":{"line":6,"column":4},"end":{"line":10,"column":null}},"3":{"start":{"line":8,"column":26},"end":{"line":8,"column":null}},"4":{"start":{"line":9,"column":8},"end":{"line":9,"column":null}},"5":{"start":{"line":11,"column":4},"end":{"line":11,"column":null}}},"fnMap":{"0":{"name":"searchComics","decl":{"start":{"line":3,"column":22},"end":{"line":3,"column":35}},"loc":{"start":{"line":4,"column":0},"end":{"line":12,"column":null}},"line":4}},"branchMap":{"0":{"loc":{"start":{"line":6,"column":4},"end":{"line":10,"column":null}},"type":"if","locations":[{"start":{"line":6,"column":4},"end":{"line":10,"column":null}},{"start":{},"end":{}}],"line":6},"1":{"loc":{"start":{"line":9,"column":24},"end":{"line":9,"column":58}},"type":"binary-expr","locations":[{"start":{"line":9,"column":24},"end":{"line":9,"column":43}},{"start":{"line":9,"column":43},"end":{"line":9,"column":58}}],"line":9}},"s":{"0":2,"1":3,"2":3,"3":2,"4":2,"5":1},"f":{"0":3},"b":{"0":[2,1],"1":[2,1]},"meta":{"lastBranch":2,"lastFunction":1,"lastStatement":6,"seen":{"s:1:16:1:Infinity":0,"f:3:22:3:35":0,"s:5:21:5:Infinity":1,"b:6:4:10:Infinity:undefined:undefined:undefined:undefined":0,"s:6:4:10:Infinity":2,"s:8:26:8:Infinity":3,"s:9:8:9:Infinity":4,"b:9:24:9:43:9:43:9:58":1,"s:11:4:11:Infinity":5}}}
}
